I, [2015-01-13T01:33:40.460252 #4296]  INFO -- : Starting clock for 1 events: [ sync_database_events_for_model_Apify::Scheduler::Unit ]
I, [2015-01-13T01:33:40.460351 #4296]  INFO -- : Triggering 'sync_database_events_for_model_Apify::Scheduler::Unit'
I, [2015-01-13T01:33:41.001403 #4296]  INFO -- : Triggering 'Вгороде'
I, [2015-01-13T01:34:40.001192 #4296]  INFO -- : Triggering 'sync_database_events_for_model_Apify::Scheduler::Unit'
I, [2015-01-13T01:35:40.001204 #4296]  INFO -- : Triggering 'sync_database_events_for_model_Apify::Scheduler::Unit'
I, [2015-01-13T01:35:41.001313 #4296]  INFO -- : Triggering 'Вгороде'
I, [2015-01-13T01:36:40.001249 #4296]  INFO -- : Triggering 'sync_database_events_for_model_Apify::Scheduler::Unit'
I, [2015-01-13T01:37:40.001221 #4296]  INFO -- : Triggering 'sync_database_events_for_model_Apify::Scheduler::Unit'
I, [2015-01-13T01:37:41.001189 #4296]  INFO -- : Triggering 'Вгороде'
Exiting
I, [2015-01-13T01:38:27.990543 #4759]  INFO -- : Starting clock for 1 events: [ sync_database_events_for_model_Apify::Scheduler::Unit ]
I, [2015-01-13T01:38:27.990713 #4759]  INFO -- : Triggering 'sync_database_events_for_model_Apify::Scheduler::Unit'
I, [2015-01-13T01:38:29.001440 #4759]  INFO -- : Triggering 'Вгороде'
Exiting
I, [2015-01-13T01:39:24.085966 #4918]  INFO -- : Starting clock for 1 events: [ sync_database_events_for_model_Apify::Scheduler::Unit ]
I, [2015-01-13T01:39:24.086065 #4918]  INFO -- : Triggering 'sync_database_events_for_model_Apify::Scheduler::Unit'
I, [2015-01-13T01:39:25.001273 #4918]  INFO -- : Triggering 'Вгороде'
I, [2015-01-13T01:40:24.001240 #4918]  INFO -- : Triggering 'sync_database_events_for_model_Apify::Scheduler::Unit'
I, [2015-01-13T01:41:24.001249 #4918]  INFO -- : Triggering 'sync_database_events_for_model_Apify::Scheduler::Unit'
I, [2015-01-13T01:41:25.001212 #4918]  INFO -- : Triggering 'Вгороде'
I, [2015-01-13T01:42:24.001270 #4918]  INFO -- : Triggering 'sync_database_events_for_model_Apify::Scheduler::Unit'
I, [2015-01-13T01:43:24.001265 #4918]  INFO -- : Triggering 'sync_database_events_for_model_Apify::Scheduler::Unit'
I, [2015-01-13T01:43:25.001212 #4918]  INFO -- : Triggering 'Вгороде'
I, [2015-01-13T01:44:24.001210 #4918]  INFO -- : Triggering 'sync_database_events_for_model_Apify::Scheduler::Unit'
I, [2015-01-13T01:45:24.001246 #4918]  INFO -- : Triggering 'sync_database_events_for_model_Apify::Scheduler::Unit'
I, [2015-01-13T01:45:25.001234 #4918]  INFO -- : Triggering 'Вгороде'
I, [2015-01-13T01:46:24.001254 #4918]  INFO -- : Triggering 'sync_database_events_for_model_Apify::Scheduler::Unit'
I, [2015-01-13T01:47:24.001257 #4918]  INFO -- : Triggering 'sync_database_events_for_model_Apify::Scheduler::Unit'
I, [2015-01-13T01:47:25.001288 #4918]  INFO -- : Triggering 'Вгороде'
I, [2015-01-13T01:48:24.001249 #4918]  INFO -- : Triggering 'sync_database_events_for_model_Apify::Scheduler::Unit'
I, [2015-01-13T01:49:24.001183 #4918]  INFO -- : Triggering 'sync_database_events_for_model_Apify::Scheduler::Unit'
I, [2015-01-13T01:49:25.001181 #4918]  INFO -- : Triggering 'Вгороде'
Exiting
I, [2015-01-13T02:00:01.001815 #6057]  INFO -- : Starting clock for 1 events: [ sync_database_events_for_model_Apify::Scheduler::Unit ]
I, [2015-01-13T02:00:01.001935 #6057]  INFO -- : Triggering 'sync_database_events_for_model_Apify::Scheduler::Unit'
I, [2015-01-13T02:00:02.001281 #6057]  INFO -- : Triggering 'Вгороде'
I, [2015-01-13T02:01:01.001202 #6057]  INFO -- : Triggering 'sync_database_events_for_model_Apify::Scheduler::Unit'
I, [2015-01-13T02:02:01.001259 #6057]  INFO -- : Triggering 'sync_database_events_for_model_Apify::Scheduler::Unit'
I, [2015-01-13T02:02:02.001268 #6057]  INFO -- : Triggering 'Вгороде'
I, [2015-01-13T02:03:01.001259 #6057]  INFO -- : Triggering 'sync_database_events_for_model_Apify::Scheduler::Unit'
Exiting
I, [2015-01-13T02:04:35.243570 #6392]  INFO -- : Starting clock for 1 events: [ sync_database_events_for_model_Apify::Scheduler::Unit ]
I, [2015-01-13T02:04:35.252655 #6392]  INFO -- : Triggering 'sync_database_events_for_model_Apify::Scheduler::Unit'
I, [2015-01-13T02:04:36.001463 #6392]  INFO -- : Triggering 'Вгороде'
Exiting
I, [2015-01-13T02:05:33.978006 #6494]  INFO -- : Starting clock for 1 events: [ sync_database_events_for_model_Apify::Scheduler::Unit ]
I, [2015-01-13T02:05:33.978113 #6494]  INFO -- : Triggering 'sync_database_events_for_model_Apify::Scheduler::Unit'
I, [2015-01-13T02:05:35.001406 #6494]  INFO -- : Triggering 'Вгороде'
Exiting
I, [2015-01-13T02:05:50.930299 #6566]  INFO -- : Starting clock for 1 events: [ sync_database_events_for_model_Apify::Scheduler::Unit ]
I, [2015-01-13T02:05:50.930494 #6566]  INFO -- : Triggering 'sync_database_events_for_model_Apify::Scheduler::Unit'
I, [2015-01-13T02:05:51.001214 #6566]  INFO -- : Triggering 'Вгороде'
I, [2015-01-13T02:06:50.001245 #6566]  INFO -- : Triggering 'sync_database_events_for_model_Apify::Scheduler::Unit'
I, [2015-01-13T02:07:50.001171 #6566]  INFO -- : Triggering 'sync_database_events_for_model_Apify::Scheduler::Unit'
I, [2015-01-13T02:07:51.001234 #6566]  INFO -- : Triggering 'Вгороде'
I, [2015-01-13T02:08:50.001242 #6566]  INFO -- : Triggering 'sync_database_events_for_model_Apify::Scheduler::Unit'
I, [2015-01-13T02:09:50.001181 #6566]  INFO -- : Triggering 'sync_database_events_for_model_Apify::Scheduler::Unit'
I, [2015-01-13T02:09:51.001162 #6566]  INFO -- : Triggering 'Вгороде'
I, [2015-01-13T02:10:50.001255 #6566]  INFO -- : Triggering 'sync_database_events_for_model_Apify::Scheduler::Unit'
I, [2015-01-13T02:11:50.001234 #6566]  INFO -- : Triggering 'sync_database_events_for_model_Apify::Scheduler::Unit'
I, [2015-01-13T02:11:51.001293 #6566]  INFO -- : Triggering 'Вгороде'
I, [2015-01-13T02:11:53.001297 #6566]  INFO -- : Triggering 'Вгороде'
I, [2015-01-13T02:11:55.001197 #6566]  INFO -- : Triggering 'Вгороде'
I, [2015-01-13T02:11:57.001193 #6566]  INFO -- : Triggering 'Вгороде'
I, [2015-01-13T02:11:59.001296 #6566]  INFO -- : Triggering 'Вгороде'
I, [2015-01-13T02:12:01.001216 #6566]  INFO -- : Triggering 'Вгороде'
I, [2015-01-13T02:12:03.001202 #6566]  INFO -- : Triggering 'Вгороде'
I, [2015-01-13T02:12:05.001180 #6566]  INFO -- : Triggering 'Вгороде'
I, [2015-01-13T02:12:07.001191 #6566]  INFO -- : Triggering 'Вгороде'
I, [2015-01-13T02:12:09.001324 #6566]  INFO -- : Triggering 'Вгороде'
I, [2015-01-13T02:12:11.001188 #6566]  INFO -- : Triggering 'Вгороде'
I, [2015-01-13T02:12:13.001158 #6566]  INFO -- : Triggering 'Вгороде'
I, [2015-01-13T02:12:15.001305 #6566]  INFO -- : Triggering 'Вгороде'
I, [2015-01-13T02:12:17.001212 #6566]  INFO -- : Triggering 'Вгороде'
I, [2015-01-13T02:12:19.002430 #6566]  INFO -- : Triggering 'Вгороде'
I, [2015-01-13T02:12:21.001277 #6566]  INFO -- : Triggering 'Вгороде'
I, [2015-01-13T02:12:23.001180 #6566]  INFO -- : Triggering 'Вгороде'
I, [2015-01-13T02:12:25.001192 #6566]  INFO -- : Triggering 'Вгороде'
I, [2015-01-13T02:12:27.001193 #6566]  INFO -- : Triggering 'Вгороде'
I, [2015-01-13T02:12:29.001162 #6566]  INFO -- : Triggering 'Вгороде'
I, [2015-01-13T02:12:31.001177 #6566]  INFO -- : Triggering 'Вгороде'
I, [2015-01-13T02:12:33.004695 #6566]  INFO -- : Triggering 'Вгороде'
I, [2015-01-13T02:12:35.001311 #6566]  INFO -- : Triggering 'Вгороде'
I, [2015-01-13T02:12:37.001166 #6566]  INFO -- : Triggering 'Вгороде'
I, [2015-01-13T02:12:39.001182 #6566]  INFO -- : Triggering 'Вгороде'
I, [2015-01-13T02:12:41.001212 #6566]  INFO -- : Triggering 'Вгороде'
I, [2015-01-13T02:12:43.001189 #6566]  INFO -- : Triggering 'Вгороде'
I, [2015-01-13T02:12:45.001295 #6566]  INFO -- : Triggering 'Вгороде'
I, [2015-01-13T02:12:47.001181 #6566]  INFO -- : Triggering 'Вгороде'
I, [2015-01-13T02:12:49.001219 #6566]  INFO -- : Triggering 'Вгороде'
I, [2015-01-13T02:12:50.001145 #6566]  INFO -- : Triggering 'sync_database_events_for_model_Apify::Scheduler::Unit'
I, [2015-01-13T02:12:51.001305 #6566]  INFO -- : Triggering 'Вгороде'
I, [2015-01-13T02:12:53.001198 #6566]  INFO -- : Triggering 'Вгороде'
I, [2015-01-13T02:12:55.001177 #6566]  INFO -- : Triggering 'Вгороде'
I, [2015-01-13T02:12:57.001424 #6566]  INFO -- : Triggering 'Вгороде'
I, [2015-01-13T02:12:59.001193 #6566]  INFO -- : Triggering 'Вгороде'
I, [2015-01-13T02:13:01.001170 #6566]  INFO -- : Triggering 'Вгороде'
I, [2015-01-13T02:13:03.001192 #6566]  INFO -- : Triggering 'Вгороде'
I, [2015-01-13T02:13:05.001178 #6566]  INFO -- : Triggering 'Вгороде'
I, [2015-01-13T02:13:07.001164 #6566]  INFO -- : Triggering 'Вгороде'
I, [2015-01-13T02:13:09.001169 #6566]  INFO -- : Triggering 'Вгороде'
I, [2015-01-13T02:13:11.001181 #6566]  INFO -- : Triggering 'Вгороде'
I, [2015-01-13T02:13:13.001302 #6566]  INFO -- : Triggering 'Вгороде'
I, [2015-01-13T02:13:15.001164 #6566]  INFO -- : Triggering 'Вгороде'
I, [2015-01-13T02:13:17.001228 #6566]  INFO -- : Triggering 'Вгороде'
I, [2015-01-13T02:13:19.001192 #6566]  INFO -- : Triggering 'Вгороде'
I, [2015-01-13T02:13:21.002942 #6566]  INFO -- : Triggering 'Вгороде'
I, [2015-01-13T02:13:23.001178 #6566]  INFO -- : Triggering 'Вгороде'
I, [2015-01-13T02:13:25.001217 #6566]  INFO -- : Triggering 'Вгороде'
I, [2015-01-13T02:13:27.001196 #6566]  INFO -- : Triggering 'Вгороде'
I, [2015-01-13T02:13:29.001197 #6566]  INFO -- : Triggering 'Вгороде'
I, [2015-01-13T02:13:31.001189 #6566]  INFO -- : Triggering 'Вгороде'
I, [2015-01-13T02:13:33.001195 #6566]  INFO -- : Triggering 'Вгороде'
I, [2015-01-13T02:13:35.001207 #6566]  INFO -- : Triggering 'Вгороде'
I, [2015-01-13T02:13:37.001158 #6566]  INFO -- : Triggering 'Вгороде'
I, [2015-01-13T02:13:39.001191 #6566]  INFO -- : Triggering 'Вгороде'
I, [2015-01-13T02:13:41.001242 #6566]  INFO -- : Triggering 'Вгороде'
Exiting
I, [2015-01-13T02:14:58.518461 #8045]  INFO -- : Starting clock for 1 events: [ sync_database_events_for_model_Apify::Scheduler::Unit ]
I, [2015-01-13T02:14:58.528779 #8045]  INFO -- : Triggering 'sync_database_events_for_model_Apify::Scheduler::Unit'
I, [2015-01-13T02:14:59.001231 #8045]  INFO -- : Triggering 'Вгороде'
I, [2015-01-13T02:15:01.001223 #8045]  INFO -- : Triggering 'Вгороде'
I, [2015-01-13T02:15:03.001630 #8045]  INFO -- : Triggering 'Вгороде'
I, [2015-01-13T02:15:05.001179 #8045]  INFO -- : Triggering 'Вгороде'
I, [2015-01-13T02:15:07.001165 #8045]  INFO -- : Triggering 'Вгороде'
I, [2015-01-13T02:15:09.001188 #8045]  INFO -- : Triggering 'Вгороде'
I, [2015-01-13T02:15:11.001179 #8045]  INFO -- : Triggering 'Вгороде'
I, [2015-01-13T02:15:13.001165 #8045]  INFO -- : Triggering 'Вгороде'
I, [2015-01-13T02:15:15.001229 #8045]  INFO -- : Triggering 'Вгороде'
I, [2015-01-13T02:15:17.001156 #8045]  INFO -- : Triggering 'Вгороде'
I, [2015-01-13T02:15:19.001203 #8045]  INFO -- : Triggering 'Вгороде'
I, [2015-01-13T02:15:21.001324 #8045]  INFO -- : Triggering 'Вгороде'
I, [2015-01-13T02:15:23.001191 #8045]  INFO -- : Triggering 'Вгороде'
I, [2015-01-13T02:15:25.001326 #8045]  INFO -- : Triggering 'Вгороде'
I, [2015-01-13T02:15:27.001295 #8045]  INFO -- : Triggering 'Вгороде'
I, [2015-01-13T02:15:29.001177 #8045]  INFO -- : Triggering 'Вгороде'
I, [2015-01-13T02:15:31.001194 #8045]  INFO -- : Triggering 'Вгороде'
I, [2015-01-13T02:15:33.001164 #8045]  INFO -- : Triggering 'Вгороде'
I, [2015-01-13T02:15:35.001211 #8045]  INFO -- : Triggering 'Вгороде'
I, [2015-01-13T02:15:37.001257 #8045]  INFO -- : Triggering 'Вгороде'
I, [2015-01-13T02:15:39.001206 #8045]  INFO -- : Triggering 'Вгороде'
I, [2015-01-13T02:15:41.001310 #8045]  INFO -- : Triggering 'Вгороде'
I, [2015-01-13T02:15:43.001164 #8045]  INFO -- : Triggering 'Вгороде'
I, [2015-01-13T02:15:45.001168 #8045]  INFO -- : Triggering 'Вгороде'
I, [2015-01-13T02:15:47.001187 #8045]  INFO -- : Triggering 'Вгороде'
I, [2015-01-13T02:15:49.001199 #8045]  INFO -- : Triggering 'Вгороде'
I, [2015-01-13T02:15:51.001331 #8045]  INFO -- : Triggering 'Вгороде'
I, [2015-01-13T02:15:53.001200 #8045]  INFO -- : Triggering 'Вгороде'
I, [2015-01-13T02:15:55.001188 #8045]  INFO -- : Triggering 'Вгороде'
I, [2015-01-13T02:15:57.001183 #8045]  INFO -- : Triggering 'Вгороде'
I, [2015-01-13T02:15:58.001261 #8045]  INFO -- : Triggering 'sync_database_events_for_model_Apify::Scheduler::Unit'
I, [2015-01-13T02:15:59.001293 #8045]  INFO -- : Triggering 'Вгороде'
I, [2015-01-13T02:16:01.001209 #8045]  INFO -- : Triggering 'Вгороде'
I, [2015-01-13T02:16:03.001169 #8045]  INFO -- : Triggering 'Вгороде'
I, [2015-01-13T02:16:05.001168 #8045]  INFO -- : Triggering 'Вгороде'
I, [2015-01-13T02:16:07.001189 #8045]  INFO -- : Triggering 'Вгороде'
I, [2015-01-13T02:16:09.001296 #8045]  INFO -- : Triggering 'Вгороде'
I, [2015-01-13T02:16:11.001190 #8045]  INFO -- : Triggering 'Вгороде'
I, [2015-01-13T02:16:13.001188 #8045]  INFO -- : Triggering 'Вгороде'
I, [2015-01-13T02:16:15.001294 #8045]  INFO -- : Triggering 'Вгороде'
I, [2015-01-13T02:16:17.001168 #8045]  INFO -- : Triggering 'Вгороде'
I, [2015-01-13T02:16:19.001203 #8045]  INFO -- : Triggering 'Вгороде'
I, [2015-01-13T02:16:21.001207 #8045]  INFO -- : Triggering 'Вгороде'
I, [2015-01-13T02:16:23.001199 #8045]  INFO -- : Triggering 'Вгороде'
I, [2015-01-13T02:16:25.001312 #8045]  INFO -- : Triggering 'Вгороде'
I, [2015-01-13T02:16:27.001167 #8045]  INFO -- : Triggering 'Вгороде'
I, [2015-01-13T02:16:29.001204 #8045]  INFO -- : Triggering 'Вгороде'
I, [2015-01-13T02:16:31.001204 #8045]  INFO -- : Triggering 'Вгороде'
I, [2015-01-13T02:16:33.001240 #8045]  INFO -- : Triggering 'Вгороде'
I, [2015-01-13T02:16:35.001176 #8045]  INFO -- : Triggering 'Вгороде'
I, [2015-01-13T02:16:37.001315 #8045]  INFO -- : Triggering 'Вгороде'
I, [2015-01-13T02:16:39.001154 #8045]  INFO -- : Triggering 'Вгороде'
I, [2015-01-13T02:16:41.001162 #8045]  INFO -- : Triggering 'Вгороде'
I, [2015-01-13T02:16:43.001151 #8045]  INFO -- : Triggering 'Вгороде'
Exiting
I, [2015-01-13T02:31:23.224611 #9305]  INFO -- : Starting clock for 1 events: [ sync_database_events_for_model_Apify::Scheduler::Unit ]
I, [2015-01-13T02:31:23.224730 #9305]  INFO -- : Triggering 'sync_database_events_for_model_Apify::Scheduler::Unit'
E, [2015-01-13T02:31:23.272403 #9305] ERROR -- : undefined method `name' for nil:NilClass (NoMethodError)
/home/victorvsk/.rvm/gems/ruby-2.1.5/gems/apify_scheduler-0.0.2/app/models/apify/scheduler/unit.rb:42:in `frequency'
/home/victorvsk/.rvm/gems/ruby-2.1.5/gems/clockwork-1.1.0/lib/clockwork/database_events/sync_performer.rb:89:in `create_or_recreate_event'
/home/victorvsk/.rvm/gems/ruby-2.1.5/gems/clockwork-1.1.0/lib/clockwork/database_events/sync_performer.rb:44:in `block in sync'
/home/victorvsk/.rvm/gems/ruby-2.1.5/gems/activerecord-4.1.8/lib/active_record/relation/delegation.rb:46:in `each'
/home/victorvsk/.rvm/gems/ruby-2.1.5/gems/activerecord-4.1.8/lib/active_record/relation/delegation.rb:46:in `each'
/home/victorvsk/.rvm/gems/ruby-2.1.5/gems/clockwork-1.1.0/lib/clockwork/database_events/sync_performer.rb:41:in `sync'
/home/victorvsk/.rvm/gems/ruby-2.1.5/gems/clockwork-1.1.0/lib/clockwork/database_events/sync_performer.rb:19:in `block in setup'
/home/victorvsk/.rvm/gems/ruby-2.1.5/gems/clockwork-1.1.0/lib/clockwork/event.rb:54:in `call'
/home/victorvsk/.rvm/gems/ruby-2.1.5/gems/clockwork-1.1.0/lib/clockwork/event.rb:54:in `execute'
/home/victorvsk/.rvm/gems/ruby-2.1.5/gems/clockwork-1.1.0/lib/clockwork/event.rb:44:in `run'
/home/victorvsk/.rvm/gems/ruby-2.1.5/gems/clockwork-1.1.0/lib/clockwork/manager.rb:71:in `block in tick'
/home/victorvsk/.rvm/gems/ruby-2.1.5/gems/clockwork-1.1.0/lib/clockwork/manager.rb:69:in `each'
/home/victorvsk/.rvm/gems/ruby-2.1.5/gems/clockwork-1.1.0/lib/clockwork/manager.rb:69:in `tick'
/home/victorvsk/.rvm/gems/ruby-2.1.5/gems/clockwork-1.1.0/lib/clockwork/manager.rb:60:in `block in run'
/home/victorvsk/.rvm/gems/ruby-2.1.5/gems/clockwork-1.1.0/lib/clockwork/manager.rb:59:in `loop'
/home/victorvsk/.rvm/gems/ruby-2.1.5/gems/clockwork-1.1.0/lib/clockwork/manager.rb:59:in `run'
/home/victorvsk/.rvm/gems/ruby-2.1.5/gems/clockwork-1.1.0/lib/clockwork.rb:46:in `run'
/home/victorvsk/.rvm/gems/ruby-2.1.5/gems/clockwork-1.1.0/bin/clockwork:19:in `<top (required)>'
/home/victorvsk/.rvm/gems/ruby-2.1.5/bin/clockwork:23:in `load'
/home/victorvsk/.rvm/gems/ruby-2.1.5/bin/clockwork:23:in `<main>'
/home/victorvsk/.rvm/gems/ruby-2.1.5/bin/ruby_executable_hooks:15:in `eval'
/home/victorvsk/.rvm/gems/ruby-2.1.5/bin/ruby_executable_hooks:15:in `<main>'
I, [2015-01-13T02:32:23.001135 #9305]  INFO -- : Triggering 'sync_database_events_for_model_Apify::Scheduler::Unit'
E, [2015-01-13T02:32:23.023798 #9305] ERROR -- : undefined method `name' for nil:NilClass (NoMethodError)
/home/victorvsk/.rvm/gems/ruby-2.1.5/gems/apify_scheduler-0.0.2/app/models/apify/scheduler/unit.rb:42:in `frequency'
/home/victorvsk/.rvm/gems/ruby-2.1.5/gems/clockwork-1.1.0/lib/clockwork/database_events/sync_performer.rb:89:in `create_or_recreate_event'
/home/victorvsk/.rvm/gems/ruby-2.1.5/gems/clockwork-1.1.0/lib/clockwork/database_events/sync_performer.rb:44:in `block in sync'
/home/victorvsk/.rvm/gems/ruby-2.1.5/gems/activerecord-4.1.8/lib/active_record/relation/delegation.rb:46:in `each'
/home/victorvsk/.rvm/gems/ruby-2.1.5/gems/activerecord-4.1.8/lib/active_record/relation/delegation.rb:46:in `each'
/home/victorvsk/.rvm/gems/ruby-2.1.5/gems/clockwork-1.1.0/lib/clockwork/database_events/sync_performer.rb:41:in `sync'
/home/victorvsk/.rvm/gems/ruby-2.1.5/gems/clockwork-1.1.0/lib/clockwork/database_events/sync_performer.rb:19:in `block in setup'
/home/victorvsk/.rvm/gems/ruby-2.1.5/gems/clockwork-1.1.0/lib/clockwork/event.rb:54:in `call'
/home/victorvsk/.rvm/gems/ruby-2.1.5/gems/clockwork-1.1.0/lib/clockwork/event.rb:54:in `execute'
/home/victorvsk/.rvm/gems/ruby-2.1.5/gems/clockwork-1.1.0/lib/clockwork/event.rb:44:in `run'
/home/victorvsk/.rvm/gems/ruby-2.1.5/gems/clockwork-1.1.0/lib/clockwork/manager.rb:71:in `block in tick'
/home/victorvsk/.rvm/gems/ruby-2.1.5/gems/clockwork-1.1.0/lib/clockwork/manager.rb:69:in `each'
/home/victorvsk/.rvm/gems/ruby-2.1.5/gems/clockwork-1.1.0/lib/clockwork/manager.rb:69:in `tick'
/home/victorvsk/.rvm/gems/ruby-2.1.5/gems/clockwork-1.1.0/lib/clockwork/manager.rb:60:in `block in run'
/home/victorvsk/.rvm/gems/ruby-2.1.5/gems/clockwork-1.1.0/lib/clockwork/manager.rb:59:in `loop'
/home/victorvsk/.rvm/gems/ruby-2.1.5/gems/clockwork-1.1.0/lib/clockwork/manager.rb:59:in `run'
/home/victorvsk/.rvm/gems/ruby-2.1.5/gems/clockwork-1.1.0/lib/clockwork.rb:46:in `run'
/home/victorvsk/.rvm/gems/ruby-2.1.5/gems/clockwork-1.1.0/bin/clockwork:19:in `<top (required)>'
/home/victorvsk/.rvm/gems/ruby-2.1.5/bin/clockwork:23:in `load'
/home/victorvsk/.rvm/gems/ruby-2.1.5/bin/clockwork:23:in `<main>'
/home/victorvsk/.rvm/gems/ruby-2.1.5/bin/ruby_executable_hooks:15:in `eval'
/home/victorvsk/.rvm/gems/ruby-2.1.5/bin/ruby_executable_hooks:15:in `<main>'
I, [2015-01-13T02:33:23.001196 #9305]  INFO -- : Triggering 'sync_database_events_for_model_Apify::Scheduler::Unit'
I, [2015-01-13T02:33:24.001288 #9305]  INFO -- : Triggering 'Github Blog'
I, [2015-01-13T02:33:34.001179 #9305]  INFO -- : Triggering 'Github Blog'
I, [2015-01-13T02:33:44.001205 #9305]  INFO -- : Triggering 'Github Blog'
I, [2015-01-13T02:33:54.001183 #9305]  INFO -- : Triggering 'Github Blog'
I, [2015-01-13T02:34:04.001210 #9305]  INFO -- : Triggering 'Github Blog'
I, [2015-01-13T02:34:14.001263 #9305]  INFO -- : Triggering 'Github Blog'
I, [2015-01-13T02:34:23.001132 #9305]  INFO -- : Triggering 'sync_database_events_for_model_Apify::Scheduler::Unit'
I, [2015-01-13T02:34:24.001204 #9305]  INFO -- : Triggering 'Github Blog'
I, [2015-01-13T02:34:34.001195 #9305]  INFO -- : Triggering 'Github Blog'
I, [2015-01-13T02:34:44.001193 #9305]  INFO -- : Triggering 'Github Blog'
I, [2015-01-13T02:34:54.001134 #9305]  INFO -- : Triggering 'Github Blog'
I, [2015-01-13T02:35:04.001173 #9305]  INFO -- : Triggering 'Github Blog'
I, [2015-01-13T02:35:14.001184 #9305]  INFO -- : Triggering 'Github Blog'
Exiting
I, [2015-01-13T02:47:43.558405 #10361]  INFO -- : Starting clock for 1 events: [ sync_database_events_for_model_Apify::Scheduler::Unit ]
I, [2015-01-13T02:47:43.558514 #10361]  INFO -- : Triggering 'sync_database_events_for_model_Apify::Scheduler::Unit'
I, [2015-01-13T02:47:44.001247 #10361]  INFO -- : Triggering 'Github Blog'
I, [2015-01-13T02:47:54.001322 #10361]  INFO -- : Triggering 'Github Blog'
I, [2015-01-13T02:48:04.001196 #10361]  INFO -- : Triggering 'Github Blog'
I, [2015-01-13T02:48:14.001241 #10361]  INFO -- : Triggering 'Github Blog'
I, [2015-01-13T02:48:24.001228 #10361]  INFO -- : Triggering 'Github Blog'
I, [2015-01-13T02:48:34.001180 #10361]  INFO -- : Triggering 'Github Blog'
I, [2015-01-13T02:48:43.001246 #10361]  INFO -- : Triggering 'sync_database_events_for_model_Apify::Scheduler::Unit'
I, [2015-01-13T02:48:44.001357 #10361]  INFO -- : Triggering 'Github Blog'
I, [2015-01-13T02:48:54.001338 #10361]  INFO -- : Triggering 'Github Blog'
I, [2015-01-13T02:49:04.001298 #10361]  INFO -- : Triggering 'Github Blog'
I, [2015-01-13T02:49:14.001295 #10361]  INFO -- : Triggering 'Github Blog'
I, [2015-01-13T02:49:24.001254 #10361]  INFO -- : Triggering 'Github Blog'
I, [2015-01-13T02:49:34.001294 #10361]  INFO -- : Triggering 'Github Blog'
I, [2015-01-13T02:49:43.001264 #10361]  INFO -- : Triggering 'sync_database_events_for_model_Apify::Scheduler::Unit'
I, [2015-01-13T02:49:44.001221 #10361]  INFO -- : Triggering 'Github Blog'
I, [2015-01-13T02:50:14.001320 #10361]  INFO -- : Triggering 'Github Blog'
Exiting
